<?xml version="1.0" encoding="UTF-8"?>
<testsuite xmlns:xsi="http://www.w3.org/2001/XMLSchema-instance" xsi:noNamespaceSchemaLocation="https://maven.apache.org/surefire/maven-surefire-plugin/xsd/surefire-test-report.xsd" name="com.tweetapp.service.UserServiceTest" time="6.427" tests="5" errors="0" skipped="0" failures="0">
  <properties>
[...]
</properties>
  <testcase name="testFindAllUsersValid" classname="com.tweetapp.service.UserServiceTest" time="0.019"/>
  <testcase name="testLoginUserValid" classname="com.tweetapp.service.UserServiceTest" time="0.013"/>
  <testcase name="testUpdatePasswordUserValid" classname="com.tweetapp.service.UserServiceTest" time="0.017"/>
  <testcase name="testRegisterUserExists" classname="com.tweetapp.service.UserServiceTest" time="0.017"/>
  <testcase name="testsearchByUsernameValid" classname="com.tweetapp.service.UserServiceTest" time="0.025"/>
</testsuite>